<?xml version="1.0" encoding="UTF-8"?>
<testsuite name="mungtigi.demo.DemoApplicationTests" tests="1" skipped="0" failures="0" errors="0" timestamp="2024-04-01T16:55:53" hostname="mokalover-desktop" time="0.08">
  <properties/>
  <testcase name="contextLoads()" classname="mungtigi.demo.DemoApplicationTests" time="0.08"/>
  <system-out><![CDATA[01:55:51.461 [Test worker] INFO org.springframework.test.context.support.AnnotationConfigContextLoaderUtils -- Could not detect default configuration classes for test class [mungtigi.demo.DemoApplicationTests]: DemoApplicationTests does not declare any static, non-private, non-final, nested classes annotated with @Configuration.
01:55:51.515 [Test worker] INFO org.springframework.boot.test.context.SpringBootTestContextBootstrapper -- Found @SpringBootConfiguration mungtigi.demo.DemoApplication for test class mungtigi.demo.DemoApplicationTests

  .   ____          _            __ _ _
 /\\ / ___'_ __ _ _(_)_ __  __ _ \ \ \ \
( ( )\___ | '_ | '_| | '_ \/ _` | \ \ \ \
 \\/  ___)| |_)| | | | | || (_| |  ) ) ) )
  '  |____| .__|_| |_|_| |_\__, | / / / /
 =========|_|==============|___/=/_/_/_/
 :: Spring Boot ::                (v3.2.4)

2024-04-02T01:55:51.720+09:00  INFO 733086 --- [demo] [    Test worker] mungtigi.demo.DemoApplicationTests       : Starting DemoApplicationTests using Java 17.0.10 with PID 733086 (started by mokalover in /home/mokalover/Desktop/demo)
2024-04-02T01:55:51.721+09:00  INFO 733086 --- [demo] [    Test worker] mungtigi.demo.DemoApplicationTests       : No active profile set, falling back to 1 default profile: "default"
2024-04-02T01:55:52.114+09:00  INFO 733086 --- [demo] [    Test worker] .s.d.r.c.RepositoryConfigurationDelegate : Bootstrapping Spring Data JPA repositories in DEFAULT mode.
2024-04-02T01:55:52.136+09:00  INFO 733086 --- [demo] [    Test worker] .s.d.r.c.RepositoryConfigurationDelegate : Finished Spring Data repository scanning in 17 ms. Found 1 JPA repository interface.
2024-04-02T01:55:52.225+09:00  INFO 733086 --- [demo] [    Test worker] o.s.cloud.context.scope.GenericScope     : BeanFactory id=6fe03dac-9f5b-3db4-a584-0dbaf76d04c5
2024-04-02T01:55:52.358+09:00  INFO 733086 --- [demo] [    Test worker] o.hibernate.jpa.internal.util.LogHelper  : HHH000204: Processing PersistenceUnitInfo [name: default]
2024-04-02T01:55:52.381+09:00  INFO 733086 --- [demo] [    Test worker] org.hibernate.Version                    : HHH000412: Hibernate ORM core version 6.4.4.Final
2024-04-02T01:55:52.397+09:00  INFO 733086 --- [demo] [    Test worker] o.h.c.internal.RegionFactoryInitiator    : HHH000026: Second-level cache disabled
2024-04-02T01:55:52.504+09:00  INFO 733086 --- [demo] [    Test worker] o.s.o.j.p.SpringPersistenceUnitInfo      : No LoadTimeWeaver setup: ignoring JPA class transformer
2024-04-02T01:55:52.516+09:00  INFO 733086 --- [demo] [    Test worker] com.zaxxer.hikari.HikariDataSource       : HikariPool-1 - Starting...
2024-04-02T01:55:52.667+09:00  INFO 733086 --- [demo] [    Test worker] com.zaxxer.hikari.pool.HikariPool        : HikariPool-1 - Added connection com.mysql.cj.jdbc.ConnectionImpl@55b62db8
2024-04-02T01:55:52.668+09:00  INFO 733086 --- [demo] [    Test worker] com.zaxxer.hikari.HikariDataSource       : HikariPool-1 - Start completed.
2024-04-02T01:55:52.692+09:00  WARN 733086 --- [demo] [    Test worker] org.hibernate.orm.deprecation            : HHH90000025: MySQLDialect does not need to be specified explicitly using 'hibernate.dialect' (remove the property setting and it will be selected by default)
2024-04-02T01:55:53.067+09:00  INFO 733086 --- [demo] [    Test worker] o.h.e.t.j.p.i.JtaPlatformInitiator       : HHH000489: No JTA platform available (set 'hibernate.transaction.jta.platform' to enable JTA platform integration)
2024-04-02T01:55:53.097+09:00  INFO 733086 --- [demo] [    Test worker] j.LocalContainerEntityManagerFactoryBean : Initialized JPA EntityManagerFactory for persistence unit 'default'
2024-04-02T01:55:53.340+09:00  WARN 733086 --- [demo] [    Test worker] JpaBaseConfiguration$JpaWebConfiguration : spring.jpa.open-in-view is enabled by default. Therefore, database queries may be performed during view rendering. Explicitly configure spring.jpa.open-in-view to disable this warning
2024-04-02T01:55:53.641+09:00  INFO 733086 --- [demo] [    Test worker] mungtigi.demo.DemoApplicationTests       : Started DemoApplicationTests in 2.052 seconds (process running for 2.568)
]]></system-out>
  <system-err><![CDATA[]]></system-err>
</testsuite>
